[2022-04-18 10:48:30] testing.INFO: {"start":"2022-04-18T08:48:30.460192Z","project_id":1,"updated_at":"2022-04-18T08:48:30.000000Z","created_at":"2022-04-18T08:48:30.000000Z","id":1,"project":{"id":1,"user_id":"1","name":"Corkery, Lind and Barton","total_entries":1,"working_time_seconds":"0","is_stopped":false,"created_at":"2022-04-18T08:48:30.000000Z","updated_at":"2022-04-18T08:48:30.000000Z","entries":[{"id":1,"start":"2022-04-18 10:48:30","end":null,"project_id":"1","created_at":"2022-04-18T08:48:30.000000Z","updated_at":"2022-04-18T08:48:30.000000Z"}]}}  
[2022-04-18 10:48:30] testing.INFO: Project 1 started  
[2022-04-18 10:48:30] testing.INFO: here is send sms service  
[2022-04-18 10:48:30] testing.INFO: SMS Project 1 started  
[2022-04-18 10:48:30] testing.INFO: {"start":"2022-04-18T08:48:30.666353Z","project_id":1,"updated_at":"2022-04-18T08:48:30.000000Z","created_at":"2022-04-18T08:48:30.000000Z","id":1,"project":{"id":1,"user_id":"1","name":"Maggio, Morar and Ward","total_entries":1,"working_time_seconds":"0","is_stopped":false,"created_at":"2022-04-18T08:48:30.000000Z","updated_at":"2022-04-18T08:48:30.000000Z","entries":[{"id":1,"start":"2022-04-18 10:48:30","end":null,"project_id":"1","created_at":"2022-04-18T08:48:30.000000Z","updated_at":"2022-04-18T08:48:30.000000Z"}]}}  
[2022-04-18 10:48:30] testing.INFO: Project 1 started  
[2022-04-18 10:48:30] testing.INFO: here is send sms service  
[2022-04-18 10:48:30] testing.INFO: SMS Project 1 started  
[2022-04-18 10:48:30] testing.INFO: {"start":"2022-04-18T08:48:30.708536Z","project_id":1,"updated_at":"2022-04-18T08:48:30.000000Z","created_at":"2022-04-18T08:48:30.000000Z","id":1,"project":{"id":1,"user_id":"1","name":"Halvorson and Sons","total_entries":1,"working_time_seconds":"0","is_stopped":false,"created_at":"2022-04-18T08:48:30.000000Z","updated_at":"2022-04-18T08:48:30.000000Z","entries":[{"id":1,"start":"2022-04-18 10:48:30","end":null,"project_id":"1","created_at":"2022-04-18T08:48:30.000000Z","updated_at":"2022-04-18T08:48:30.000000Z"}]}}  
[2022-04-18 10:48:30] testing.INFO: Project 1 started  
[2022-04-18 10:48:30] testing.INFO: here is send sms service  
[2022-04-18 10:48:30] testing.INFO: SMS Project 1 started  
[2022-04-18 10:48:30] testing.INFO: Project 1 stopped  
[2022-04-18 10:48:30] testing.INFO: here is send sms service  
[2022-04-18 10:48:30] testing.INFO: SMS Project 1 stopped  
[2022-04-18 10:48:30] testing.INFO: {"start":"2022-04-18T08:48:30.754395Z","project_id":1,"updated_at":"2022-04-18T08:48:30.000000Z","created_at":"2022-04-18T08:48:30.000000Z","id":1,"project":{"id":1,"user_id":"1","name":"Kling and Sons","total_entries":1,"working_time_seconds":"0","is_stopped":false,"created_at":"2022-04-18T08:48:30.000000Z","updated_at":"2022-04-18T08:48:30.000000Z","entries":[{"id":1,"start":"2022-04-18 10:48:30","end":null,"project_id":"1","created_at":"2022-04-18T08:48:30.000000Z","updated_at":"2022-04-18T08:48:30.000000Z"}]}}  
[2022-04-18 10:48:30] testing.INFO: Project 1 started  
[2022-04-18 10:48:30] testing.INFO: here is send sms service  
[2022-04-18 10:48:30] testing.INFO: SMS Project 1 started  
[2022-04-18 10:48:30] testing.INFO: Project 1 stopped  
[2022-04-18 10:48:30] testing.INFO: here is send sms service  
[2022-04-18 10:48:30] testing.INFO: SMS Project 1 stopped  
[2022-04-18 10:48:30] testing.INFO: {"start":"2022-04-18T08:48:30.761853Z","project_id":2,"updated_at":"2022-04-18T08:48:30.000000Z","created_at":"2022-04-18T08:48:30.000000Z","id":2,"project":{"id":2,"user_id":"1","name":"Goldner, Jacobi and Ullrich","total_entries":1,"working_time_seconds":"0","is_stopped":false,"created_at":"2022-04-18T08:48:30.000000Z","updated_at":"2022-04-18T08:48:30.000000Z","entries":[{"id":2,"start":"2022-04-18 10:48:30","end":null,"project_id":"2","created_at":"2022-04-18T08:48:30.000000Z","updated_at":"2022-04-18T08:48:30.000000Z"}]}}  
[2022-04-18 10:48:30] testing.INFO: Project 2 started  
[2022-04-18 10:48:30] testing.INFO: here is send sms service  
[2022-04-18 10:48:30] testing.INFO: SMS Project 2 started  
[2022-04-18 10:49:30] testing.INFO: {"start":"2022-04-18T08:49:30.774368Z","project_id":1,"updated_at":"2022-04-18T08:49:30.000000Z","created_at":"2022-04-18T08:49:30.000000Z","id":1,"project":{"id":1,"user_id":"1","name":"Quitzon-Mills","total_entries":1,"working_time_seconds":"0","is_stopped":false,"created_at":"2022-04-18T08:49:30.000000Z","updated_at":"2022-04-18T08:49:30.000000Z","entries":[{"id":1,"start":"2022-04-18 10:49:30","end":null,"project_id":"1","created_at":"2022-04-18T08:49:30.000000Z","updated_at":"2022-04-18T08:49:30.000000Z"}]}}  
[2022-04-18 10:49:30] testing.INFO: Project 1 started  
[2022-04-18 10:49:30] testing.INFO: here is send sms service  
[2022-04-18 10:49:30] testing.INFO: SMS Project 1 started  
[2022-04-18 10:49:30] testing.INFO: {"start":"2022-04-18T08:49:30.980803Z","project_id":1,"updated_at":"2022-04-18T08:49:30.000000Z","created_at":"2022-04-18T08:49:30.000000Z","id":1,"project":{"id":1,"user_id":"1","name":"Wuckert and Sons","total_entries":1,"working_time_seconds":"0","is_stopped":false,"created_at":"2022-04-18T08:49:30.000000Z","updated_at":"2022-04-18T08:49:30.000000Z","entries":[{"id":1,"start":"2022-04-18 10:49:30","end":null,"project_id":"1","created_at":"2022-04-18T08:49:30.000000Z","updated_at":"2022-04-18T08:49:30.000000Z"}]}}  
[2022-04-18 10:49:30] testing.INFO: Project 1 started  
[2022-04-18 10:49:30] testing.INFO: here is send sms service  
[2022-04-18 10:49:30] testing.INFO: SMS Project 1 started  
[2022-04-18 10:49:31] testing.INFO: {"start":"2022-04-18T08:49:31.023394Z","project_id":1,"updated_at":"2022-04-18T08:49:31.000000Z","created_at":"2022-04-18T08:49:31.000000Z","id":1,"project":{"id":1,"user_id":"1","name":"Waelchi Inc","total_entries":1,"working_time_seconds":"0","is_stopped":false,"created_at":"2022-04-18T08:49:31.000000Z","updated_at":"2022-04-18T08:49:31.000000Z","entries":[{"id":1,"start":"2022-04-18 10:49:31","end":null,"project_id":"1","created_at":"2022-04-18T08:49:31.000000Z","updated_at":"2022-04-18T08:49:31.000000Z"}]}}  
[2022-04-18 10:49:31] testing.INFO: Project 1 started  
[2022-04-18 10:49:31] testing.INFO: here is send sms service  
[2022-04-18 10:49:31] testing.INFO: SMS Project 1 started  
[2022-04-18 10:49:31] testing.INFO: Project 1 stopped  
[2022-04-18 10:49:31] testing.INFO: here is send sms service  
[2022-04-18 10:49:31] testing.INFO: SMS Project 1 stopped  
[2022-04-18 10:49:31] testing.INFO: {"start":"2022-04-18T08:49:31.068890Z","project_id":1,"updated_at":"2022-04-18T08:49:31.000000Z","created_at":"2022-04-18T08:49:31.000000Z","id":1,"project":{"id":1,"user_id":"1","name":"Bogisich and Sons","total_entries":1,"working_time_seconds":"0","is_stopped":false,"created_at":"2022-04-18T08:49:31.000000Z","updated_at":"2022-04-18T08:49:31.000000Z","entries":[{"id":1,"start":"2022-04-18 10:49:31","end":null,"project_id":"1","created_at":"2022-04-18T08:49:31.000000Z","updated_at":"2022-04-18T08:49:31.000000Z"}]}}  
[2022-04-18 10:49:31] testing.INFO: Project 1 started  
[2022-04-18 10:49:31] testing.INFO: here is send sms service  
[2022-04-18 10:49:31] testing.INFO: SMS Project 1 started  
[2022-04-18 10:49:31] testing.INFO: Project 1 stopped  
[2022-04-18 10:49:31] testing.INFO: here is send sms service  
[2022-04-18 10:49:31] testing.INFO: SMS Project 1 stopped  
[2022-04-18 10:49:31] testing.INFO: {"start":"2022-04-18T08:49:31.077194Z","project_id":2,"updated_at":"2022-04-18T08:49:31.000000Z","created_at":"2022-04-18T08:49:31.000000Z","id":2,"project":{"id":2,"user_id":"1","name":"Rohan, Schneider and Reinger","total_entries":1,"working_time_seconds":"0","is_stopped":false,"created_at":"2022-04-18T08:49:31.000000Z","updated_at":"2022-04-18T08:49:31.000000Z","entries":[{"id":2,"start":"2022-04-18 10:49:31","end":null,"project_id":"2","created_at":"2022-04-18T08:49:31.000000Z","updated_at":"2022-04-18T08:49:31.000000Z"}]}}  
[2022-04-18 10:49:31] testing.INFO: Project 2 started  
[2022-04-18 10:49:31] testing.INFO: here is send sms service  
[2022-04-18 10:49:31] testing.INFO: SMS Project 2 started  
